2024-06-18T01:59:59.679-04:00  INFO 25540 --- [blogAuthenticaiton] [main] c.e.b.BlogAuthenticaitonApplication      : Starting BlogAuthenticaitonApplication using Java 21.0.3 with PID 25540 (E:\github\blogAuthenticaiton\target\classes started by redsk in E:\github\blogAuthenticaiton)
2024-06-18T01:59:59.681-04:00  INFO 25540 --- [blogAuthenticaiton] [main] c.e.b.BlogAuthenticaitonApplication      : No active profile set, falling back to 1 default profile: "default"
2024-06-18T02:00:00.099-04:00  INFO 25540 --- [blogAuthenticaiton] [main] .s.d.r.c.RepositoryConfigurationDelegate : Bootstrapping Spring Data JPA repositories in DEFAULT mode.
2024-06-18T02:00:00.139-04:00  INFO 25540 --- [blogAuthenticaiton] [main] .s.d.r.c.RepositoryConfigurationDelegate : Finished Spring Data repository scanning in 34 ms. Found 3 JPA repository interfaces.
2024-06-18T02:00:00.668-04:00  INFO 25540 --- [blogAuthenticaiton] [main] o.s.b.w.embedded.tomcat.TomcatWebServer  : Tomcat initialized with port 9090 (http)
2024-06-18T02:00:00.683-04:00  INFO 25540 --- [blogAuthenticaiton] [main] o.apache.catalina.core.StandardService   : Starting service [Tomcat]
2024-06-18T02:00:00.683-04:00  INFO 25540 --- [blogAuthenticaiton] [main] o.apache.catalina.core.StandardEngine    : Starting Servlet engine: [Apache Tomcat/10.1.24]
2024-06-18T02:00:00.744-04:00  INFO 25540 --- [blogAuthenticaiton] [main] o.a.c.c.C.[Tomcat].[localhost].[/]       : Initializing Spring embedded WebApplicationContext
2024-06-18T02:00:00.744-04:00  INFO 25540 --- [blogAuthenticaiton] [main] w.s.c.ServletWebServerApplicationContext : Root WebApplicationContext: initialization completed in 1031 ms
2024-06-18T02:00:00.877-04:00  INFO 25540 --- [blogAuthenticaiton] [main] o.hibernate.jpa.internal.util.LogHelper  : HHH000204: Processing PersistenceUnitInfo [name: default]
2024-06-18T02:00:00.912-04:00  INFO 25540 --- [blogAuthenticaiton] [main] org.hibernate.Version                    : HHH000412: Hibernate ORM core version 6.5.2.Final
2024-06-18T02:00:00.937-04:00  INFO 25540 --- [blogAuthenticaiton] [main] o.h.c.internal.RegionFactoryInitiator    : HHH000026: Second-level cache disabled
2024-06-18T02:00:01.129-04:00  INFO 25540 --- [blogAuthenticaiton] [main] o.s.o.j.p.SpringPersistenceUnitInfo      : No LoadTimeWeaver setup: ignoring JPA class transformer
2024-06-18T02:00:01.146-04:00  INFO 25540 --- [blogAuthenticaiton] [main] com.zaxxer.hikari.HikariDataSource       : HikariPool-1 - Starting...
2024-06-18T02:00:01.393-04:00  INFO 25540 --- [blogAuthenticaiton] [main] com.zaxxer.hikari.pool.HikariPool        : HikariPool-1 - Added connection com.mysql.cj.jdbc.ConnectionImpl@9f2376f
2024-06-18T02:00:01.394-04:00  INFO 25540 --- [blogAuthenticaiton] [main] com.zaxxer.hikari.HikariDataSource       : HikariPool-1 - Start completed.
2024-06-18T02:00:01.430-04:00  WARN 25540 --- [blogAuthenticaiton] [main] org.hibernate.orm.deprecation            : HHH90000025: MySQLDialect does not need to be specified explicitly using 'hibernate.dialect' (remove the property setting and it will be selected by default)
2024-06-18T02:00:01.963-04:00  INFO 25540 --- [blogAuthenticaiton] [main] o.h.e.t.j.p.i.JtaPlatformInitiator       : HHH000489: No JTA platform available (set 'hibernate.transaction.jta.platform' to enable JTA platform integration)
2024-06-18T02:00:02.007-04:00  INFO 25540 --- [blogAuthenticaiton] [main] j.LocalContainerEntityManagerFactoryBean : Initialized JPA EntityManagerFactory for persistence unit 'default'
2024-06-18T02:00:02.159-04:00  INFO 25540 --- [blogAuthenticaiton] [main] o.s.d.j.r.query.QueryEnhancerFactory     : Hibernate is in classpath; If applicable, HQL parser will be used.
2024-06-18T02:00:02.549-04:00  WARN 25540 --- [blogAuthenticaiton] [main] JpaBaseConfiguration$JpaWebConfiguration : spring.jpa.open-in-view is enabled by default. Therefore, database queries may be performed during view rendering. Explicitly configure spring.jpa.open-in-view to disable this warning
2024-06-18T02:00:02.573-04:00  INFO 25540 --- [blogAuthenticaiton] [main] eAuthenticationProviderManagerConfigurer : Global AuthenticationManager configured with AuthenticationProvider bean with name authenticationProvider
2024-06-18T02:00:02.574-04:00  WARN 25540 --- [blogAuthenticaiton] [main] r$InitializeUserDetailsManagerConfigurer : Global AuthenticationManager configured with an AuthenticationProvider bean. UserDetailsService beans will not be used for username/password login. Consider removing the AuthenticationProvider bean. Alternatively, consider using the UserDetailsService in a manually instantiated DaoAuthenticationProvider.
2024-06-18T02:00:02.780-04:00  INFO 25540 --- [blogAuthenticaiton] [main] o.s.s.web.DefaultSecurityFilterChain     : Will secure any request with [org.springframework.security.web.session.DisableEncodeUrlFilter@13c79e0d, org.springframework.security.web.context.request.async.WebAsyncManagerIntegrationFilter@648639f1, org.springframework.security.web.context.SecurityContextHolderFilter@4467088e, org.springframework.security.web.header.HeaderWriterFilter@7f027735, org.springframework.web.filter.CorsFilter@210e971e, org.springframework.security.web.authentication.logout.LogoutFilter@51f91d19, org.springframework.security.web.authentication.UsernamePasswordAuthenticationFilter@4ab1ff80, org.springframework.security.web.authentication.ui.DefaultLoginPageGeneratingFilter@22277482, org.springframework.security.web.authentication.ui.DefaultLogoutPageGeneratingFilter@1b9785aa, org.springframework.security.web.authentication.www.BasicAuthenticationFilter@2eebb07, org.springframework.security.web.savedrequest.RequestCacheAwareFilter@7d0bbc49, org.springframework.security.web.servletapi.SecurityContextHolderAwareRequestFilter@26c24e5, org.springframework.security.web.authentication.AnonymousAuthenticationFilter@340f4723, org.springframework.security.web.access.ExceptionTranslationFilter@2541b4d3, org.springframework.security.web.access.intercept.AuthorizationFilter@367a245e]
2024-06-18T02:00:02.942-04:00  INFO 25540 --- [blogAuthenticaiton] [main] o.s.b.w.embedded.tomcat.TomcatWebServer  : Tomcat started on port 9090 (http) with context path '/'
2024-06-18T02:00:02.948-04:00  INFO 25540 --- [blogAuthenticaiton] [main] c.e.b.BlogAuthenticaitonApplication      : Started BlogAuthenticaitonApplication in 3.573 seconds (process running for 3.86)
2024-06-18T02:00:11.956-04:00  INFO 25540 --- [blogAuthenticaiton] [http-nio-9090-exec-1] o.a.c.c.C.[Tomcat].[localhost].[/]       : Initializing Spring DispatcherServlet 'dispatcherServlet'
2024-06-18T02:00:11.956-04:00  INFO 25540 --- [blogAuthenticaiton] [http-nio-9090-exec-1] o.s.web.servlet.DispatcherServlet        : Initializing Servlet 'dispatcherServlet'
2024-06-18T02:00:11.957-04:00  INFO 25540 --- [blogAuthenticaiton] [http-nio-9090-exec-1] o.s.web.servlet.DispatcherServlet        : Completed initialization in 1 ms
2024-06-18T02:00:17.154-04:00  INFO 25540 --- [blogAuthenticaiton] [http-nio-9090-exec-4] c.e.b.Aspect.BlogAspect                  : Method:findBlogByTitle
2024-06-18T02:00:17.183-04:00  INFO 25540 --- [blogAuthenticaiton] [http-nio-9090-exec-4] c.e.b.Aspect.BlogAspect                  : Method:findBlogByTitle Returning:[com.example.blogAuthenticaiton.Entity.blog@7718ea99]
2024-06-18T02:00:20.741-04:00  INFO 25540 --- [blogAuthenticaiton] [SpringApplicationShutdownHook] j.LocalContainerEntityManagerFactoryBean : Closing JPA EntityManagerFactory for persistence unit 'default'
2024-06-18T02:00:20.743-04:00  INFO 25540 --- [blogAuthenticaiton] [SpringApplicationShutdownHook] com.zaxxer.hikari.HikariDataSource       : HikariPool-1 - Shutdown initiated...
2024-06-18T02:00:20.747-04:00  INFO 25540 --- [blogAuthenticaiton] [SpringApplicationShutdownHook] com.zaxxer.hikari.HikariDataSource       : HikariPool-1 - Shutdown completed.
